2025-06-05 19:50:04,583(HH:mm:ss.55S) [St] INFO  slogger(36) [TestNG] Time taken by org.testng.reporters.jq.Main@3a01773b: 121 msin2025-06-05 19:50:04,625(HH:mm:ss.55S) [St] INFO  slogger(36) [TestNG] Time taken by org.testng.reporters.FailedReporter@48eb9836: 9 msin2025-06-05 19:50:04,641(HH:mm:ss.55S) [St] INFO  slogger(36) [TestNG] Time taken by org.testng.reporters.XMLReporter@3efedc6f: 15 msin2025-06-05 19:50:04,644(HH:mm:ss.55S) [St] INFO  slogger(36) [TestNG] Time taken by org.testng.reporters.EmailableReporter2@38fc5554: 3 msin2025-06-05 19:50:04,647(HH:mm:ss.55S) [St] INFO  slogger(36) [TestNG] Time taken by org.testng.reporters.JUnitReportReporter@1de0a46c: 2 msin2025-06-05 19:50:04,649(HH:mm:ss.55S) [St] INFO  slogger(36) [TestNG] Time taken by org.testng.internal.ExitCodeListener@4d1f1ff5: 0 msin2025-06-05 19:52:51,258(HH:mm:ss.55S) [St] INFO  slogger(36) [Utils] MethodGroupsHelper.collectMethodsByGroup() took 1 ms.in2025-06-05 19:52:51,263(HH:mm:ss.55S) [St] INFO  slogger(36) [Utils] MethodGroupsHelper.sortMethods() took 0 ms.in2025-06-05 19:52:51,265(HH:mm:ss.55S) [St] INFO  slogger(36) [Utils] MethodGroupsHelper.collectMethodsByGroup() took 0 ms.in2025-06-05 19:52:51,266(HH:mm:ss.55S) [St] INFO  slogger(36) [Utils] MethodGroupsHelper.sortMethods() took 0 ms.in2025-06-05 19:52:51,266(HH:mm:ss.55S) [St] INFO  slogger(36) [Utils] MethodGroupsHelper.collectMethodsByGroup() took 0 ms.in2025-06-05 19:52:51,266(HH:mm:ss.55S) [St] INFO  slogger(36) [Utils] MethodGroupsHelper.sortMethods() took 0 ms.in2025-06-05 19:52:51,267(HH:mm:ss.55S) [St] INFO  slogger(36) [Utils] MethodGroupsHelper.collectMethodsByGroup() took 0 ms.in2025-06-05 19:52:51,267(HH:mm:ss.55S) [St] INFO  slogger(36) [Utils] MethodGroupsHelper.sortMethods() took 0 ms.in2025-06-05 19:52:51,274(HH:mm:ss.55S) [St] INFO  slogger(36) [Utils] MethodGroupsHelper.collectMethodsByGroup() took 3 ms.in2025-06-05 19:52:51,286(HH:mm:ss.55S) [St] INFO  slogger(36) [Utils] MethodGroupsHelper.sortMethods() took 11 ms.in2025-06-05 19:52:51,289(HH:mm:ss.55S) [St] INFO  slogger(36) [Utils] MethodGroupsHelper.collectMethodsByGroup() took 0 ms.in2025-06-05 19:52:51,290(HH:mm:ss.55S) [St] INFO  slogger(36) [Utils] MethodGroupsHelper.sortMethods() took 1 ms.in2025-06-05 19:52:51,291(HH:mm:ss.55S) [St] INFO  slogger(36) [Utils] MethodGroupsHelper.collectMethodsByGroup() took 0 ms.in2025-06-05 19:52:51,291(HH:mm:ss.55S) [St] INFO  slogger(36) [Utils] MethodGroupsHelper.sortMethods() took 0 ms.in2025-06-05 19:52:51,292(HH:mm:ss.55S) [St] INFO  slogger(36) [Utils] MethodGroupsHelper.collectMethodsByGroup() took 0 ms.in2025-06-05 19:52:51,292(HH:mm:ss.55S) [St] INFO  slogger(36) [Utils] MethodGroupsHelper.sortMethods() took 0 ms.in2025-06-05 19:52:51,294(HH:mm:ss.55S) [St] INFO  slogger(36) [Utils] MethodGroupsHelper.collectMethodsByGroup() took 0 ms.in2025-06-05 19:52:51,294(HH:mm:ss.55S) [St] INFO  slogger(36) [Utils] MethodGroupsHelper.sortMethods() took 0 ms.in2025-06-05 19:52:51,294(HH:mm:ss.55S) [St] INFO  slogger(36) [Utils] MethodGroupsHelper.collectMethodsByGroup() took 0 ms.in2025-06-05 19:52:51,294(HH:mm:ss.55S) [St] INFO  slogger(36) [Utils] MethodGroupsHelper.sortMethods() took 0 ms.in2025-06-05 19:52:51,297(HH:mm:ss.55S) [St] INFO  slogger(36) [Utils] MethodGroupsHelper.collectMethodsByGroup() took 0 ms.in2025-06-05 19:52:51,297(HH:mm:ss.55S) [St] INFO  slogger(36) [Utils] MethodGroupsHelper.sortMethods() took 0 ms.in2025-06-05 19:52:51,297(HH:mm:ss.55S) [St] INFO  slogger(36) [Utils] MethodGroupsHelper.collectMethodsByGroup() took 0 ms.in2025-06-05 19:52:51,297(HH:mm:ss.55S) [St] INFO  slogger(36) [Utils] MethodGroupsHelper.sortMethods() took 0 ms.in2025-06-05 19:52:51,298(HH:mm:ss.55S) [St] INFO  slogger(36) [Utils] MethodGroupsHelper.collectMethodsByGroup() took 0 ms.in2025-06-05 19:52:51,298(HH:mm:ss.55S) [St] INFO  slogger(36) [Utils] MethodGroupsHelper.sortMethods() took 0 ms.in2025-06-05 19:52:51,300(HH:mm:ss.55S) [St] INFO  slogger(36) [Utils] MethodGroupsHelper.collectMethodsByGroup() took 0 ms.in2025-06-05 19:52:51,300(HH:mm:ss.55S) [St] INFO  slogger(36) [Utils] MethodGroupsHelper.sortMethods() took 0 ms.in2025-06-05 19:52:51,300(HH:mm:ss.55S) [St] INFO  slogger(36) [Utils] MethodGroupsHelper.collectMethodsByGroup() took 0 ms.in2025-06-05 19:52:51,300(HH:mm:ss.55S) [St] INFO  slogger(36) [Utils] MethodGroupsHelper.sortMethods() took 0 ms.in2025-06-05 19:52:51,310(HH:mm:ss.55S) [St] INFO  slogger(36) [TestNG] Running:
  C:\Users\LibraryComp6\AppData\Local\Temp\testng-eclipse-1530697496\testng-customsuite.xml
in2025-06-05 19:52:51,328(HH:mm:ss.55S) [St] INFO  slogger(36) [Utils] DynamicGraphHelper.createDynamicGraph() took 3 ms.in2025-06-05 19:53:15,698(HH:mm:ss.55S) [St] ERROR slogger(36) [Error] java.lang.NullPointerException: Cannot invoke &quot;org.apache.poi.xssf.usermodel.XSSFRow.getCell(int)&quot; because &quot;this.row&quot; is null
	at utilities.ExcelUtility.getCellData(ExcelUtility.java:58)
	at utilities.Dataprovider_Login.getData(Dataprovider_Login.java:22)
	at java.base/jdk.internal.reflect.DirectMethodHandleAccessor.invoke(DirectMethodHandleAccessor.java:104)
	at java.base/java.lang.reflect.Method.invoke(Method.java:565)
	at org.testng.internal.invokers.MethodInvocationHelper.invokeMethod(MethodInvocationHelper.java:141)
	at org.testng.internal.invokers.MethodInvocationHelper.invokeMethod(MethodInvocationHelper.java:86)
	at org.testng.internal.invokers.MethodInvocationHelper.invokeMethodNoCheckedException(MethodInvocationHelper.java:54)
	at org.testng.internal.invokers.MethodInvocationHelper.invokeDataProvider(MethodInvocationHelper.java:159)
	at org.testng.internal.Parameters.handleParameters(Parameters.java:809)
	at org.testng.internal.Parameters.handleParameters(Parameters.java:734)
	at org.testng.internal.invokers.ParameterHandler.handleParameters(ParameterHandler.java:72)
	at org.testng.internal.invokers.ParameterHandler.createParameters(ParameterHandler.java:51)
	at org.testng.internal.invokers.TestInvoker$MethodInvocationAgent.invoke(TestInvoker.java:949)
	at org.testng.internal.invokers.TestInvoker.invokeTestMethods(TestInvoker.java:203)
	at org.testng.internal.invokers.TestMethodWorker.invokeTestMethods(TestMethodWorker.java:154)
	at org.testng.internal.invokers.TestMethodWorker.run(TestMethodWorker.java:134)
	at java.base/java.util.ArrayList.forEach(ArrayList.java:1604)
	at org.testng.TestRunner.privateRun(TestRunner.java:741)
	at org.testng.TestRunner.run(TestRunner.java:616)
	at org.testng.SuiteRunner.runTest(SuiteRunner.java:421)
	at org.testng.SuiteRunner.runSequentially(SuiteRunner.java:413)
	at org.testng.SuiteRunner.privateRun(SuiteRunner.java:373)
	at org.testng.SuiteRunner.run(SuiteRunner.java:312)
	at org.testng.SuiteRunnerWorker.runSuite(SuiteRunnerWorker.java:52)
	at org.testng.SuiteRunnerWorker.run(SuiteRunnerWorker.java:95)
	at org.testng.TestNG.runSuitesSequentially(TestNG.java:1274)
	at org.testng.TestNG.runSuitesLocally(TestNG.java:1208)
	at org.testng.TestNG.runSuites(TestNG.java:1112)
	at org.testng.TestNG.run(TestNG.java:1079)
	at org.testng.remote.AbstractRemoteTestNG.run(AbstractRemoteTestNG.java:115)
	at org.testng.remote.RemoteTestNG.initAndRun(RemoteTestNG.java:293)
	at org.testng.remote.RemoteTestNG.main(RemoteTestNG.java:91)
in